2025-06-30 23:10:27,788 - __main__ - INFO - 启动AGV模拟器 - ID: AGV_001
2025-06-30 23:10:27,792 - __main__ - INFO - AGV模拟器启动完成
2025-06-30 23:10:27,792 - __main__ - INFO - AGV模拟器运行中，按Ctrl+C停止...
2025-06-30 23:10:29,835 - __main__ - ERROR - 连接失败 - 端口: 19207, 错误: [WinError 10061] 由于目标计算机积极拒绝，无法连接。
2025-06-30 23:10:29,836 - __main__ - ERROR - 连接失败 - 端口: 19209, 错误: [WinError 10061] 由于目标计算机积极拒绝，无法连接。
2025-06-30 23:10:29,836 - __main__ - ERROR - 连接失败 - 端口: 19206, 错误: [WinError 10061] 由于目标计算机积极拒绝，无法连接。
2025-06-30 23:10:29,836 - __main__ - ERROR - 连接失败 - 端口: 19205, 错误: [WinError 10061] 由于目标计算机积极拒绝，无法连接。
2025-06-30 23:10:29,837 - __main__ - ERROR - 连接失败 - 端口: 19210, 错误: [WinError 10061] 由于目标计算机积极拒绝，无法连接。
2025-06-30 23:10:29,837 - __main__ - ERROR - 连接失败 - 端口: 19301, 错误: [WinError 10061] 由于目标计算机积极拒绝，无法连接。
2025-06-30 23:10:29,837 - __main__ - ERROR - 连接失败 - 端口: 19208, 错误: [WinError 10061] 由于目标计算机积极拒绝，无法连接。
2025-06-30 23:11:01,094 - __main__ - INFO - 启动AGV模拟器 - ID: AGV_001
2025-06-30 23:11:01,099 - __main__ - INFO - AGV模拟器启动完成
2025-06-30 23:11:01,099 - __main__ - INFO - AGV模拟器运行中，按Ctrl+C停止...
2025-06-30 23:11:01,100 - __main__ - INFO - 连接成功 - 端口: 19209, 类型: pause
2025-06-30 23:11:01,100 - __main__ - INFO - 连接成功 - 端口: 19205, 类型: pick_drop
2025-06-30 23:11:01,101 - __main__ - INFO - 连接成功 - 端口: 19301, 类型: state
2025-06-30 23:11:01,101 - __main__ - INFO - 连接成功 - 端口: 19206, 类型: translate
2025-06-30 23:11:01,101 - __main__ - INFO - 连接成功 - 端口: 19207, 类型: turn
2025-06-30 23:11:01,101 - __main__ - INFO - 连接成功 - 端口: 19210, 类型: other
2025-06-30 23:11:01,101 - __main__ - INFO - 连接成功 - 端口: 19208, 类型: reloc
2025-06-30 23:11:01,103 - __main__ - ERROR - 接收消息错误 - 端口: 19207, 错误: 'utf-8' codec can't decode byte 0xa5 in position 0: invalid start byte
2025-06-30 23:11:03,100 - __main__ - INFO - 状态数据已发送
2025-06-30 23:11:05,103 - __main__ - INFO - 状态数据已发送
2025-06-30 23:11:07,107 - __main__ - INFO - 状态数据已发送
2025-06-30 23:11:09,108 - __main__ - INFO - 状态数据已发送
2025-06-30 23:11:11,112 - __main__ - INFO - 状态数据已发送
2025-06-30 23:11:13,118 - __main__ - INFO - 状态数据已发送
2025-06-30 23:11:15,120 - __main__ - INFO - 状态数据已发送
2025-06-30 23:11:17,131 - __main__ - INFO - 状态数据已发送
2025-06-30 23:11:19,134 - __main__ - INFO - 状态数据已发送
2025-06-30 23:11:21,137 - __main__ - INFO - 状态数据已发送
2025-06-30 23:11:23,139 - __main__ - INFO - 状态数据已发送
2025-06-30 23:34:46,016 - __main__ - INFO - 启动AGV模拟器 - ID: AGV_001
2025-06-30 23:34:46,020 - __main__ - INFO - AGV模拟器启动完成
2025-06-30 23:34:46,020 - __main__ - INFO - AGV模拟器运行中，按Ctrl+C停止...
2025-06-30 23:34:46,022 - __main__ - INFO - 连接成功 - 端口: 19210, 类型: other
2025-06-30 23:34:46,022 - __main__ - INFO - 连接成功 - 端口: 19205, 类型: pick_drop
2025-06-30 23:34:46,022 - __main__ - INFO - 连接成功 - 端口: 19208, 类型: reloc
2025-06-30 23:34:46,023 - __main__ - INFO - 连接成功 - 端口: 19301, 类型: state
2025-06-30 23:34:46,023 - __main__ - INFO - 连接成功 - 端口: 19209, 类型: pause
2025-06-30 23:34:46,023 - __main__ - INFO - 连接成功 - 端口: 19206, 类型: translate
2025-06-30 23:34:46,023 - __main__ - INFO - 连接成功 - 端口: 19207, 类型: turn
2025-06-30 23:34:46,029 - __main__ - ERROR - 接收消息错误 - 端口: 19207, 错误: 'utf-8' codec can't decode byte 0xaa in position 0: invalid start byte
2025-06-30 23:34:48,020 - __main__ - INFO - 状态数据已发送
2025-06-30 23:34:50,024 - __main__ - INFO - 状态数据已发送
2025-06-30 23:34:52,027 - __main__ - INFO - 状态数据已发送
2025-06-30 23:34:54,035 - __main__ - INFO - 状态数据已发送
2025-06-30 23:34:56,037 - __main__ - INFO - 状态数据已发送
2025-06-30 23:34:58,040 - __main__ - INFO - 状态数据已发送
2025-06-30 23:35:00,041 - __main__ - INFO - 状态数据已发送
2025-06-30 23:35:02,042 - __main__ - INFO - 状态数据已发送
2025-06-30 23:35:04,046 - __main__ - INFO - 状态数据已发送
2025-06-30 23:35:06,048 - __main__ - INFO - 状态数据已发送
2025-06-30 23:35:08,051 - __main__ - INFO - 状态数据已发送
2025-06-30 23:35:10,053 - __main__ - INFO - 状态数据已发送
2025-06-30 23:35:12,056 - __main__ - INFO - 状态数据已发送
2025-06-30 23:35:14,058 - __main__ - INFO - 状态数据已发送
2025-06-30 23:35:16,060 - __main__ - INFO - 状态数据已发送
2025-06-30 23:35:18,062 - __main__ - INFO - 状态数据已发送
2025-06-30 23:35:19,409 - __main__ - ERROR - 接收消息错误 - 端口: 19205, 错误: [WinError 10054] 远程主机强迫关闭了一个现有的连接。
2025-06-30 23:35:19,410 - __main__ - ERROR - 接收消息错误 - 端口: 19206, 错误: [WinError 10054] 远程主机强迫关闭了一个现有的连接。
2025-06-30 23:35:19,410 - __main__ - ERROR - 接收消息错误 - 端口: 19301, 错误: [WinError 10054] 远程主机强迫关闭了一个现有的连接。
2025-06-30 23:35:19,410 - __main__ - ERROR - 接收消息错误 - 端口: 19209, 错误: [WinError 10054] 远程主机强迫关闭了一个现有的连接。
2025-06-30 23:35:19,410 - __main__ - ERROR - 接收消息错误 - 端口: 19208, 错误: [WinError 10054] 远程主机强迫关闭了一个现有的连接。
2025-06-30 23:35:19,411 - __main__ - ERROR - 接收消息错误 - 端口: 19210, 错误: [WinError 10054] 远程主机强迫关闭了一个现有的连接。
2025-06-30 23:35:20,062 - __main__ - ERROR - 发送状态数据失败: [WinError 10038] 在一个非套接字上尝试了一个操作。
2025-06-30 23:37:00,080 - __main__ - INFO - 启动AGV模拟器 - ID: AGV_001
2025-06-30 23:37:00,084 - __main__ - INFO - AGV模拟器启动完成
2025-06-30 23:37:00,084 - __main__ - INFO - AGV模拟器运行中，按Ctrl+C停止...
2025-06-30 23:37:00,086 - __main__ - INFO - 连接成功 - 端口: 19208, 类型: reloc
2025-06-30 23:37:00,086 - __main__ - INFO - 连接成功 - 端口: 19301, 类型: state
2025-06-30 23:37:00,087 - __main__ - INFO - 连接成功 - 端口: 19207, 类型: turn
2025-06-30 23:37:00,087 - __main__ - INFO - 连接成功 - 端口: 19210, 类型: other
2025-06-30 23:37:00,087 - __main__ - INFO - 连接成功 - 端口: 19205, 类型: pick_drop
2025-06-30 23:37:00,087 - __main__ - INFO - 连接成功 - 端口: 19209, 类型: pause
2025-06-30 23:37:00,087 - __main__ - INFO - 连接成功 - 端口: 19206, 类型: translate
2025-06-30 23:37:00,093 - __main__ - ERROR - 接收消息错误 - 端口: 19207, 错误: 'utf-8' codec can't decode byte 0xaa in position 0: invalid start byte
2025-06-30 23:37:02,085 - __main__ - INFO - 状态数据已发送
2025-06-30 23:37:04,087 - __main__ - INFO - 状态数据已发送
2025-06-30 23:37:06,089 - __main__ - INFO - 状态数据已发送
2025-06-30 23:37:08,091 - __main__ - INFO - 状态数据已发送
2025-06-30 23:37:10,096 - __main__ - INFO - 状态数据已发送
2025-06-30 23:37:12,098 - __main__ - INFO - 状态数据已发送
2025-06-30 23:37:14,100 - __main__ - INFO - 状态数据已发送
2025-06-30 23:37:45,909 - __main__ - INFO - 启动AGV模拟器 - ID: AGV_001
2025-06-30 23:37:45,914 - __main__ - INFO - AGV模拟器启动完成
2025-06-30 23:37:45,914 - __main__ - INFO - AGV模拟器运行中，按Ctrl+C停止...
2025-06-30 23:37:45,916 - __main__ - INFO - 连接成功 - 端口: 19206, 类型: translate
2025-06-30 23:37:45,916 - __main__ - INFO - 连接成功 - 端口: 19210, 类型: other
2025-06-30 23:37:45,916 - __main__ - INFO - 连接成功 - 端口: 19205, 类型: pick_drop
2025-06-30 23:37:45,916 - __main__ - INFO - 连接成功 - 端口: 19301, 类型: state
2025-06-30 23:37:45,916 - __main__ - INFO - 连接成功 - 端口: 19207, 类型: turn
2025-06-30 23:37:45,916 - __main__ - INFO - 连接成功 - 端口: 19209, 类型: pause
2025-06-30 23:37:45,916 - __main__ - INFO - 连接成功 - 端口: 19208, 类型: reloc
2025-06-30 23:37:45,922 - __main__ - ERROR - 接收消息错误 - 端口: 19207, 错误: 'utf-8' codec can't decode byte 0xaa in position 0: invalid start byte
2025-06-30 23:37:47,915 - __main__ - INFO - 状态数据已发送
2025-06-30 23:37:49,917 - __main__ - INFO - 状态数据已发送
2025-06-30 23:37:51,919 - __main__ - INFO - 状态数据已发送
2025-06-30 23:37:53,924 - __main__ - INFO - 状态数据已发送
2025-06-30 23:37:55,925 - __main__ - INFO - 状态数据已发送
2025-06-30 23:37:57,926 - __main__ - INFO - 状态数据已发送
2025-06-30 23:37:59,928 - __main__ - INFO - 状态数据已发送
2025-06-30 23:38:01,931 - __main__ - INFO - 状态数据已发送
2025-06-30 23:38:03,932 - __main__ - INFO - 状态数据已发送
2025-06-30 23:38:05,934 - __main__ - INFO - 状态数据已发送
2025-06-30 23:38:07,935 - __main__ - INFO - 状态数据已发送
2025-06-30 23:38:09,937 - __main__ - INFO - 状态数据已发送
2025-06-30 23:38:11,939 - __main__ - INFO - 状态数据已发送
2025-06-30 23:38:13,940 - __main__ - INFO - 状态数据已发送
2025-06-30 23:38:33,814 - __main__ - INFO - 启动AGV模拟器 - ID: AGV_001
2025-06-30 23:38:33,820 - __main__ - INFO - AGV模拟器启动完成
2025-06-30 23:38:33,820 - __main__ - INFO - AGV模拟器运行中，按Ctrl+C停止...
2025-06-30 23:38:33,822 - __main__ - INFO - 连接成功 - 端口: 19205, 类型: pick_drop
2025-06-30 23:38:33,822 - __main__ - INFO - 连接成功 - 端口: 19208, 类型: reloc
2025-06-30 23:38:33,822 - __main__ - INFO - 连接成功 - 端口: 19209, 类型: pause
2025-06-30 23:38:33,822 - __main__ - INFO - 连接成功 - 端口: 19210, 类型: other
2025-06-30 23:38:33,822 - __main__ - INFO - 连接成功 - 端口: 19301, 类型: state
2025-06-30 23:38:33,822 - __main__ - INFO - 连接成功 - 端口: 19207, 类型: turn
2025-06-30 23:38:33,822 - __main__ - INFO - 连接成功 - 端口: 19206, 类型: translate
2025-06-30 23:38:33,830 - __main__ - ERROR - 接收消息错误 - 端口: 19207, 错误: 'utf-8' codec can't decode byte 0xaa in position 0: invalid start byte
2025-06-30 23:38:35,821 - __main__ - INFO - 状态数据已发送
2025-06-30 23:38:37,824 - __main__ - INFO - 状态数据已发送
2025-06-30 23:38:39,826 - __main__ - INFO - 状态数据已发送
2025-06-30 23:38:41,828 - __main__ - INFO - 状态数据已发送
2025-06-30 23:38:43,832 - __main__ - INFO - 状态数据已发送
2025-06-30 23:38:45,836 - __main__ - INFO - 状态数据已发送
2025-06-30 23:38:47,839 - __main__ - INFO - 状态数据已发送
2025-06-30 23:38:49,842 - __main__ - INFO - 状态数据已发送
2025-06-30 23:38:51,844 - __main__ - INFO - 状态数据已发送
2025-06-30 23:38:53,846 - __main__ - INFO - 状态数据已发送
2025-06-30 23:38:55,848 - __main__ - INFO - 状态数据已发送
2025-06-30 23:38:57,850 - __main__ - INFO - 状态数据已发送
2025-06-30 23:38:59,855 - __main__ - INFO - 状态数据已发送
2025-06-30 23:39:01,859 - __main__ - INFO - 状态数据已发送
2025-06-30 23:39:03,864 - __main__ - INFO - 状态数据已发送
2025-06-30 23:39:05,866 - __main__ - INFO - 状态数据已发送
2025-06-30 23:39:07,868 - __main__ - INFO - 状态数据已发送
2025-06-30 23:39:09,869 - __main__ - INFO - 状态数据已发送
2025-06-30 23:39:11,872 - __main__ - INFO - 状态数据已发送
2025-06-30 23:39:13,876 - __main__ - INFO - 状态数据已发送
2025-06-30 23:39:15,878 - __main__ - INFO - 状态数据已发送
2025-06-30 23:39:17,880 - __main__ - INFO - 状态数据已发送
2025-06-30 23:39:19,883 - __main__ - INFO - 状态数据已发送
2025-06-30 23:39:19,924 - __main__ - ERROR - 接收消息错误 - 端口: 19206, 错误: [WinError 10054] 远程主机强迫关闭了一个现有的连接。
2025-06-30 23:39:19,924 - __main__ - ERROR - 接收消息错误 - 端口: 19209, 错误: [WinError 10054] 远程主机强迫关闭了一个现有的连接。
2025-06-30 23:39:19,925 - __main__ - ERROR - 接收消息错误 - 端口: 19208, 错误: [WinError 10054] 远程主机强迫关闭了一个现有的连接。
2025-06-30 23:39:19,925 - __main__ - ERROR - 接收消息错误 - 端口: 19210, 错误: [WinError 10054] 远程主机强迫关闭了一个现有的连接。
2025-06-30 23:39:19,925 - __main__ - ERROR - 接收消息错误 - 端口: 19205, 错误: [WinError 10054] 远程主机强迫关闭了一个现有的连接。
2025-06-30 23:39:19,925 - __main__ - ERROR - 接收消息错误 - 端口: 19301, 错误: [WinError 10054] 远程主机强迫关闭了一个现有的连接。
2025-06-30 23:43:04,982 - __main__ - INFO - 启动AGV模拟器 - ID: AGV_001
2025-06-30 23:43:04,986 - __main__ - INFO - AGV模拟器启动完成
2025-06-30 23:43:04,986 - __main__ - INFO - AGV模拟器运行中，按Ctrl+C停止...
2025-06-30 23:43:04,989 - __main__ - INFO - 连接成功 - 端口: 19206, 类型: translate
2025-06-30 23:43:04,989 - __main__ - INFO - 连接成功 - 端口: 19205, 类型: pick_drop
2025-06-30 23:43:04,989 - __main__ - INFO - 连接成功 - 端口: 19208, 类型: reloc
2025-06-30 23:43:04,989 - __main__ - INFO - 连接成功 - 端口: 19207, 类型: turn
2025-06-30 23:43:04,989 - __main__ - INFO - 连接成功 - 端口: 19301, 类型: state
2025-06-30 23:43:04,989 - __main__ - INFO - 连接成功 - 端口: 19210, 类型: other
2025-06-30 23:43:04,990 - __main__ - INFO - 连接成功 - 端口: 19209, 类型: pause
2025-06-30 23:43:04,999 - __main__ - ERROR - 接收消息错误 - 端口: 19207, 错误: 'utf-8' codec can't decode byte 0xa5 in position 9: invalid start byte
2025-06-30 23:43:06,987 - __main__ - INFO - 状态数据已发送
2025-06-30 23:43:08,989 - __main__ - INFO - 状态数据已发送
2025-06-30 23:43:10,991 - __main__ - INFO - 状态数据已发送
2025-06-30 23:43:12,992 - __main__ - INFO - 状态数据已发送
2025-06-30 23:43:14,995 - __main__ - INFO - 状态数据已发送
2025-06-30 23:43:16,998 - __main__ - INFO - 状态数据已发送
2025-06-30 23:43:19,002 - __main__ - INFO - 状态数据已发送
2025-06-30 23:43:21,005 - __main__ - INFO - 状态数据已发送
2025-06-30 23:43:23,015 - __main__ - INFO - 状态数据已发送
2025-06-30 23:43:25,018 - __main__ - INFO - 状态数据已发送
2025-06-30 23:43:27,021 - __main__ - INFO - 状态数据已发送
2025-06-30 23:43:29,023 - __main__ - INFO - 状态数据已发送
2025-06-30 23:43:31,024 - __main__ - INFO - 状态数据已发送
2025-06-30 23:43:33,026 - __main__ - INFO - 状态数据已发送
2025-06-30 23:43:35,029 - __main__ - INFO - 状态数据已发送
2025-06-30 23:43:37,032 - __main__ - INFO - 状态数据已发送
2025-06-30 23:43:39,034 - __main__ - INFO - 状态数据已发送
2025-06-30 23:43:41,037 - __main__ - INFO - 状态数据已发送
2025-06-30 23:43:43,040 - __main__ - INFO - 状态数据已发送
2025-06-30 23:43:45,043 - __main__ - INFO - 状态数据已发送
2025-06-30 23:43:47,046 - __main__ - INFO - 状态数据已发送
2025-06-30 23:43:49,049 - __main__ - INFO - 状态数据已发送
2025-06-30 23:43:51,054 - __main__ - INFO - 状态数据已发送
2025-06-30 23:43:53,055 - __main__ - INFO - 状态数据已发送
2025-06-30 23:43:55,058 - __main__ - INFO - 状态数据已发送
2025-06-30 23:43:57,061 - __main__ - INFO - 状态数据已发送
2025-06-30 23:43:59,064 - __main__ - INFO - 状态数据已发送
2025-06-30 23:44:01,067 - __main__ - INFO - 状态数据已发送
2025-06-30 23:44:03,071 - __main__ - INFO - 状态数据已发送
2025-06-30 23:44:05,074 - __main__ - INFO - 状态数据已发送
2025-06-30 23:44:07,077 - __main__ - INFO - 状态数据已发送
2025-06-30 23:44:09,079 - __main__ - INFO - 状态数据已发送
2025-06-30 23:44:11,081 - __main__ - INFO - 状态数据已发送
2025-06-30 23:44:13,083 - __main__ - INFO - 状态数据已发送
2025-06-30 23:44:15,085 - __main__ - INFO - 状态数据已发送
2025-06-30 23:44:17,087 - __main__ - INFO - 状态数据已发送
2025-06-30 23:44:19,092 - __main__ - INFO - 状态数据已发送
2025-06-30 23:44:21,096 - __main__ - INFO - 状态数据已发送
2025-06-30 23:44:23,101 - __main__ - INFO - 状态数据已发送
2025-06-30 23:44:25,105 - __main__ - INFO - 状态数据已发送
2025-06-30 23:44:27,110 - __main__ - INFO - 状态数据已发送
2025-06-30 23:44:29,112 - __main__ - INFO - 状态数据已发送
2025-06-30 23:44:31,116 - __main__ - INFO - 状态数据已发送
2025-06-30 23:44:33,120 - __main__ - INFO - 状态数据已发送
2025-06-30 23:44:35,123 - __main__ - INFO - 状态数据已发送
2025-06-30 23:44:37,125 - __main__ - INFO - 状态数据已发送
2025-06-30 23:44:39,128 - __main__ - INFO - 状态数据已发送
2025-06-30 23:44:41,130 - __main__ - INFO - 状态数据已发送
2025-06-30 23:44:43,134 - __main__ - INFO - 状态数据已发送
2025-06-30 23:44:45,140 - __main__ - INFO - 状态数据已发送
2025-06-30 23:44:47,142 - __main__ - INFO - 状态数据已发送
2025-06-30 23:44:49,144 - __main__ - INFO - 状态数据已发送
2025-06-30 23:44:51,146 - __main__ - INFO - 状态数据已发送
2025-06-30 23:44:53,149 - __main__ - INFO - 状态数据已发送
2025-06-30 23:44:55,151 - __main__ - INFO - 状态数据已发送
2025-06-30 23:44:57,154 - __main__ - INFO - 状态数据已发送
2025-06-30 23:44:59,157 - __main__ - INFO - 状态数据已发送
2025-06-30 23:45:01,161 - __main__ - INFO - 状态数据已发送
2025-06-30 23:45:03,164 - __main__ - INFO - 状态数据已发送
2025-06-30 23:45:05,168 - __main__ - INFO - 状态数据已发送
2025-06-30 23:45:07,170 - __main__ - INFO - 状态数据已发送
2025-06-30 23:45:09,173 - __main__ - INFO - 状态数据已发送
2025-06-30 23:45:11,177 - __main__ - INFO - 状态数据已发送
2025-06-30 23:45:13,181 - __main__ - INFO - 状态数据已发送
2025-06-30 23:45:15,186 - __main__ - INFO - 状态数据已发送
2025-06-30 23:45:17,189 - __main__ - INFO - 状态数据已发送
2025-06-30 23:45:19,197 - __main__ - INFO - 状态数据已发送
2025-06-30 23:45:21,199 - __main__ - INFO - 状态数据已发送
2025-06-30 23:45:23,201 - __main__ - INFO - 状态数据已发送
2025-06-30 23:45:25,205 - __main__ - INFO - 状态数据已发送
2025-06-30 23:45:27,208 - __main__ - INFO - 状态数据已发送
2025-06-30 23:45:29,211 - __main__ - INFO - 状态数据已发送
2025-06-30 23:45:31,212 - __main__ - INFO - 状态数据已发送
2025-06-30 23:45:33,214 - __main__ - INFO - 状态数据已发送
2025-06-30 23:45:34,948 - __main__ - ERROR - 接收消息错误 - 端口: 19206, 错误: [WinError 10054] 远程主机强迫关闭了一个现有的连接。
2025-06-30 23:45:34,948 - __main__ - ERROR - 接收消息错误 - 端口: 19205, 错误: [WinError 10054] 远程主机强迫关闭了一个现有的连接。
2025-06-30 23:45:34,948 - __main__ - ERROR - 接收消息错误 - 端口: 19301, 错误: [WinError 10054] 远程主机强迫关闭了一个现有的连接。
2025-06-30 23:45:34,948 - __main__ - ERROR - 接收消息错误 - 端口: 19208, 错误: [WinError 10054] 远程主机强迫关闭了一个现有的连接。
2025-06-30 23:45:34,948 - __main__ - ERROR - 接收消息错误 - 端口: 19209, 错误: [WinError 10054] 远程主机强迫关闭了一个现有的连接。
2025-06-30 23:45:34,949 - __main__ - ERROR - 接收消息错误 - 端口: 19210, 错误: [WinError 10054] 远程主机强迫关闭了一个现有的连接。
2025-06-30 23:45:35,216 - __main__ - ERROR - 发送状态数据失败: [WinError 10038] 在一个非套接字上尝试了一个操作。
2025-07-01 00:10:33,277 - __main__ - INFO - 启动AGV模拟器 - ID: AGV_001
2025-07-01 00:10:33,291 - __main__ - INFO - AGV模拟器启动完成
2025-07-01 00:10:33,291 - __main__ - INFO - AGV模拟器运行中，按Ctrl+C停止...
2025-07-01 00:10:33,299 - __main__ - INFO - 连接成功 - 端口: 19207, 类型: turn
2025-07-01 00:10:33,300 - __main__ - INFO - 连接成功 - 端口: 19209, 类型: pause
2025-07-01 00:10:33,300 - __main__ - INFO - 连接成功 - 端口: 19205, 类型: pick_drop
2025-07-01 00:10:33,300 - __main__ - INFO - 连接成功 - 端口: 19206, 类型: translate
2025-07-01 00:10:33,300 - __main__ - INFO - 连接成功 - 端口: 19301, 类型: state
2025-07-01 00:10:33,300 - __main__ - INFO - 连接成功 - 端口: 19210, 类型: other
2025-07-01 00:10:33,300 - __main__ - INFO - 连接成功 - 端口: 19208, 类型: reloc
2025-07-01 00:10:33,314 - __main__ - ERROR - 接收消息错误 - 端口: 19207, 错误: 'utf-8' codec can't decode byte 0xa5 in position 9: invalid start byte
2025-07-01 00:10:35,293 - __main__ - INFO - 状态数据已发送
2025-07-01 00:10:37,295 - __main__ - INFO - 状态数据已发送
2025-07-01 00:10:39,298 - __main__ - INFO - 状态数据已发送
2025-07-01 00:10:41,300 - __main__ - INFO - 状态数据已发送
2025-07-01 00:10:43,303 - __main__ - INFO - 状态数据已发送
2025-07-01 00:10:45,313 - __main__ - INFO - 状态数据已发送
2025-07-01 00:10:47,330 - __main__ - INFO - 状态数据已发送
2025-07-01 00:10:49,336 - __main__ - INFO - 状态数据已发送
2025-07-01 00:10:51,340 - __main__ - INFO - 状态数据已发送
2025-07-01 00:10:53,343 - __main__ - INFO - 状态数据已发送
2025-07-01 00:10:55,346 - __main__ - INFO - 状态数据已发送
2025-07-01 00:10:57,348 - __main__ - INFO - 状态数据已发送
2025-07-01 00:10:59,351 - __main__ - INFO - 状态数据已发送
2025-07-01 00:11:01,353 - __main__ - INFO - 状态数据已发送
2025-07-01 00:11:03,357 - __main__ - INFO - 状态数据已发送
2025-07-01 00:11:05,362 - __main__ - INFO - 状态数据已发送
2025-07-01 00:11:07,365 - __main__ - INFO - 状态数据已发送
2025-07-01 00:11:09,367 - __main__ - INFO - 状态数据已发送
2025-07-01 00:11:11,371 - __main__ - INFO - 状态数据已发送
2025-07-01 00:11:13,374 - __main__ - INFO - 状态数据已发送
2025-07-01 00:11:15,377 - __main__ - INFO - 状态数据已发送
2025-07-01 00:11:17,386 - __main__ - INFO - 状态数据已发送
2025-07-01 00:11:19,389 - __main__ - INFO - 状态数据已发送
2025-07-01 00:11:21,391 - __main__ - INFO - 状态数据已发送
2025-07-01 00:11:23,394 - __main__ - INFO - 状态数据已发送
2025-07-01 00:11:25,397 - __main__ - INFO - 状态数据已发送
2025-07-01 00:11:27,400 - __main__ - INFO - 状态数据已发送
2025-07-01 00:11:29,403 - __main__ - INFO - 状态数据已发送
2025-07-01 00:11:31,409 - __main__ - INFO - 状态数据已发送
2025-07-01 00:11:33,417 - __main__ - INFO - 状态数据已发送
2025-07-01 00:11:35,418 - __main__ - INFO - 状态数据已发送
2025-07-01 00:11:37,421 - __main__ - INFO - 状态数据已发送
2025-07-01 00:11:39,428 - __main__ - INFO - 状态数据已发送
2025-07-01 00:11:41,431 - __main__ - INFO - 状态数据已发送
2025-07-01 00:11:43,432 - __main__ - INFO - 状态数据已发送
2025-07-01 00:11:45,435 - __main__ - INFO - 状态数据已发送
2025-07-01 00:11:47,439 - __main__ - INFO - 状态数据已发送
2025-07-01 00:11:49,441 - __main__ - INFO - 状态数据已发送
2025-07-01 00:11:51,447 - __main__ - INFO - 状态数据已发送
2025-07-01 00:11:53,452 - __main__ - INFO - 状态数据已发送
2025-07-01 00:11:55,453 - __main__ - INFO - 状态数据已发送
2025-07-01 00:11:57,455 - __main__ - INFO - 状态数据已发送
2025-07-01 00:11:59,457 - __main__ - INFO - 状态数据已发送
2025-07-01 00:12:01,461 - __main__ - INFO - 状态数据已发送
2025-07-01 00:12:03,464 - __main__ - INFO - 状态数据已发送
2025-07-01 00:12:05,467 - __main__ - INFO - 状态数据已发送
2025-07-01 00:12:07,469 - __main__ - INFO - 状态数据已发送
2025-07-01 00:12:09,473 - __main__ - INFO - 状态数据已发送
2025-07-01 00:12:11,475 - __main__ - INFO - 状态数据已发送
2025-07-01 00:12:13,478 - __main__ - INFO - 状态数据已发送
2025-07-01 00:12:15,479 - __main__ - INFO - 状态数据已发送
2025-07-01 00:12:17,482 - __main__ - INFO - 状态数据已发送
2025-07-01 00:12:19,485 - __main__ - INFO - 状态数据已发送
2025-07-01 00:12:21,493 - __main__ - INFO - 状态数据已发送
2025-07-01 00:12:23,496 - __main__ - INFO - 状态数据已发送
2025-07-01 00:12:25,497 - __main__ - INFO - 状态数据已发送
2025-07-01 00:12:27,500 - __main__ - INFO - 状态数据已发送
2025-07-01 00:12:29,503 - __main__ - INFO - 状态数据已发送
2025-07-01 00:12:31,506 - __main__ - INFO - 状态数据已发送
2025-07-01 00:12:33,508 - __main__ - INFO - 状态数据已发送
2025-07-01 00:12:35,513 - __main__ - INFO - 状态数据已发送
2025-07-01 00:12:37,518 - __main__ - INFO - 状态数据已发送
2025-07-01 00:12:39,522 - __main__ - INFO - 状态数据已发送
2025-07-01 00:12:41,524 - __main__ - INFO - 状态数据已发送
2025-07-01 00:12:43,528 - __main__ - INFO - 状态数据已发送
2025-07-01 00:12:45,531 - __main__ - INFO - 状态数据已发送
2025-07-01 00:12:47,535 - __main__ - INFO - 状态数据已发送
2025-07-01 00:12:49,536 - __main__ - INFO - 状态数据已发送
2025-07-01 00:12:51,540 - __main__ - INFO - 状态数据已发送
2025-07-01 00:12:53,544 - __main__ - INFO - 状态数据已发送
2025-07-01 00:12:55,549 - __main__ - INFO - 状态数据已发送
2025-07-01 00:12:57,554 - __main__ - INFO - 状态数据已发送
2025-07-01 00:12:59,556 - __main__ - INFO - 状态数据已发送
2025-07-01 00:13:01,561 - __main__ - INFO - 状态数据已发送
2025-07-01 00:13:03,563 - __main__ - INFO - 状态数据已发送
2025-07-01 00:13:05,566 - __main__ - INFO - 状态数据已发送
2025-07-01 00:13:07,573 - __main__ - INFO - 状态数据已发送
2025-07-01 00:13:09,575 - __main__ - INFO - 状态数据已发送
2025-07-01 00:13:11,580 - __main__ - INFO - 状态数据已发送
2025-07-01 00:13:13,582 - __main__ - INFO - 状态数据已发送
2025-07-01 00:13:15,585 - __main__ - INFO - 状态数据已发送
2025-07-01 00:13:17,587 - __main__ - INFO - 状态数据已发送
2025-07-01 00:13:19,589 - __main__ - INFO - 状态数据已发送
2025-07-01 00:13:21,591 - __main__ - INFO - 状态数据已发送
2025-07-01 00:13:23,594 - __main__ - INFO - 状态数据已发送
2025-07-01 00:13:25,598 - __main__ - INFO - 状态数据已发送
2025-07-01 00:13:27,602 - __main__ - INFO - 状态数据已发送
2025-07-01 00:13:29,607 - __main__ - INFO - 状态数据已发送
2025-07-01 00:13:31,611 - __main__ - INFO - 状态数据已发送
2025-07-01 00:13:33,617 - __main__ - INFO - 状态数据已发送
2025-07-01 00:13:35,622 - __main__ - INFO - 状态数据已发送
2025-07-01 00:13:37,625 - __main__ - INFO - 状态数据已发送
2025-07-01 00:13:39,628 - __main__ - INFO - 状态数据已发送
2025-07-01 00:13:41,631 - __main__ - INFO - 状态数据已发送
2025-07-01 00:13:43,632 - __main__ - INFO - 状态数据已发送
2025-07-01 00:13:45,636 - __main__ - INFO - 状态数据已发送
2025-07-01 00:13:47,639 - __main__ - INFO - 状态数据已发送
2025-07-01 00:13:49,641 - __main__ - INFO - 状态数据已发送
2025-07-01 00:13:51,642 - __main__ - INFO - 状态数据已发送
2025-07-01 00:13:53,644 - __main__ - INFO - 状态数据已发送
2025-07-01 00:13:55,646 - __main__ - INFO - 状态数据已发送
2025-07-01 00:13:57,649 - __main__ - INFO - 状态数据已发送
2025-07-01 00:13:59,655 - __main__ - INFO - 状态数据已发送
2025-07-01 00:14:01,663 - __main__ - INFO - 状态数据已发送
2025-07-01 00:14:03,667 - __main__ - INFO - 状态数据已发送
2025-07-01 00:14:05,669 - __main__ - INFO - 状态数据已发送
2025-07-01 00:14:07,672 - __main__ - INFO - 状态数据已发送
2025-07-01 00:14:09,676 - __main__ - INFO - 状态数据已发送
2025-07-01 00:14:11,678 - __main__ - INFO - 状态数据已发送
2025-07-01 00:14:13,680 - __main__ - INFO - 状态数据已发送
2025-07-01 00:14:15,682 - __main__ - INFO - 状态数据已发送
2025-07-01 00:14:17,684 - __main__ - INFO - 状态数据已发送
2025-07-01 00:14:19,688 - __main__ - INFO - 状态数据已发送
2025-07-01 00:14:21,690 - __main__ - INFO - 状态数据已发送
2025-07-01 00:14:23,692 - __main__ - INFO - 状态数据已发送
2025-07-01 00:14:25,694 - __main__ - INFO - 状态数据已发送
2025-07-01 00:14:27,697 - __main__ - INFO - 状态数据已发送
2025-07-01 00:14:29,704 - __main__ - INFO - 状态数据已发送
2025-07-01 00:14:31,709 - __main__ - INFO - 状态数据已发送
2025-07-01 00:14:33,712 - __main__ - INFO - 状态数据已发送
2025-07-01 00:14:35,716 - __main__ - INFO - 状态数据已发送
2025-07-01 00:14:37,718 - __main__ - INFO - 状态数据已发送
2025-07-01 00:14:39,721 - __main__ - INFO - 状态数据已发送
2025-07-01 00:14:41,723 - __main__ - INFO - 状态数据已发送
2025-07-01 00:14:43,726 - __main__ - INFO - 状态数据已发送
2025-07-01 00:14:45,731 - __main__ - INFO - 状态数据已发送
2025-07-01 00:14:47,735 - __main__ - INFO - 状态数据已发送
2025-07-01 00:14:49,738 - __main__ - INFO - 状态数据已发送
2025-07-01 00:14:51,741 - __main__ - INFO - 状态数据已发送
2025-07-01 00:14:53,745 - __main__ - INFO - 状态数据已发送
2025-07-01 00:14:55,752 - __main__ - INFO - 状态数据已发送
2025-07-01 00:14:57,755 - __main__ - INFO - 状态数据已发送
2025-07-01 00:14:59,761 - __main__ - INFO - 状态数据已发送
2025-07-01 00:15:01,763 - __main__ - INFO - 状态数据已发送
2025-07-01 00:15:03,766 - __main__ - INFO - 状态数据已发送
2025-07-01 00:15:05,768 - __main__ - INFO - 状态数据已发送
2025-07-01 00:15:07,770 - __main__ - INFO - 状态数据已发送
2025-07-01 00:15:09,777 - __main__ - INFO - 状态数据已发送
2025-07-01 00:15:11,785 - __main__ - INFO - 状态数据已发送
2025-07-01 00:15:13,787 - __main__ - INFO - 状态数据已发送
2025-07-01 00:15:15,798 - __main__ - INFO - 状态数据已发送
2025-07-01 00:15:17,803 - __main__ - INFO - 状态数据已发送
2025-07-01 00:15:19,810 - __main__ - INFO - 状态数据已发送
2025-07-01 00:15:21,813 - __main__ - INFO - 状态数据已发送
2025-07-01 00:15:23,816 - __main__ - INFO - 状态数据已发送
2025-07-01 00:15:25,818 - __main__ - INFO - 状态数据已发送
2025-07-01 00:15:27,820 - __main__ - INFO - 状态数据已发送
2025-07-01 00:15:29,823 - __main__ - INFO - 状态数据已发送
2025-07-01 00:15:31,825 - __main__ - INFO - 状态数据已发送
2025-07-01 00:15:33,827 - __main__ - INFO - 状态数据已发送
2025-07-01 00:15:35,832 - __main__ - INFO - 状态数据已发送
2025-07-01 00:15:37,836 - __main__ - INFO - 状态数据已发送
2025-07-01 00:15:39,840 - __main__ - INFO - 状态数据已发送
2025-07-01 00:15:41,842 - __main__ - INFO - 状态数据已发送
2025-07-01 00:15:43,845 - __main__ - INFO - 状态数据已发送
2025-07-01 00:15:45,848 - __main__ - INFO - 状态数据已发送
2025-07-01 00:15:47,851 - __main__ - INFO - 状态数据已发送
2025-07-01 00:15:49,854 - __main__ - INFO - 状态数据已发送
2025-07-01 00:15:51,858 - __main__ - INFO - 状态数据已发送
2025-07-01 00:15:53,861 - __main__ - INFO - 状态数据已发送
2025-07-01 00:15:55,862 - __main__ - INFO - 状态数据已发送
2025-07-01 00:15:57,866 - __main__ - INFO - 状态数据已发送
2025-07-01 00:15:59,872 - __main__ - INFO - 状态数据已发送
2025-07-01 00:16:01,875 - __main__ - INFO - 状态数据已发送
2025-07-01 00:16:03,877 - __main__ - INFO - 状态数据已发送
2025-07-01 00:16:05,878 - __main__ - INFO - 状态数据已发送
2025-07-01 00:16:07,880 - __main__ - INFO - 状态数据已发送
2025-07-01 00:16:09,884 - __main__ - INFO - 状态数据已发送
2025-07-01 00:16:11,892 - __main__ - INFO - 状态数据已发送
2025-07-01 00:16:13,895 - __main__ - INFO - 状态数据已发送
2025-07-01 00:16:15,897 - __main__ - INFO - 状态数据已发送
2025-07-01 00:16:17,899 - __main__ - INFO - 状态数据已发送
2025-07-01 00:16:19,901 - __main__ - INFO - 状态数据已发送
2025-07-01 00:16:21,904 - __main__ - INFO - 状态数据已发送
2025-07-01 00:16:23,908 - __main__ - INFO - 状态数据已发送
2025-07-01 00:16:25,915 - __main__ - INFO - 状态数据已发送
2025-07-01 00:16:27,917 - __main__ - INFO - 状态数据已发送
2025-07-01 00:16:29,921 - __main__ - INFO - 状态数据已发送
2025-07-01 00:16:31,923 - __main__ - INFO - 状态数据已发送
2025-07-01 00:16:33,931 - __main__ - INFO - 状态数据已发送
2025-07-01 00:16:35,932 - __main__ - INFO - 状态数据已发送
2025-07-01 00:16:37,934 - __main__ - INFO - 状态数据已发送
2025-07-01 00:16:39,935 - __main__ - INFO - 状态数据已发送
2025-07-01 00:16:41,938 - __main__ - INFO - 状态数据已发送
2025-07-01 00:16:43,942 - __main__ - INFO - 状态数据已发送
2025-07-01 00:16:45,944 - __main__ - INFO - 状态数据已发送
2025-07-01 00:16:47,947 - __main__ - INFO - 状态数据已发送
2025-07-01 00:16:49,950 - __main__ - INFO - 状态数据已发送
2025-07-01 00:16:51,954 - __main__ - INFO - 状态数据已发送
2025-07-01 00:16:53,958 - __main__ - INFO - 状态数据已发送
2025-07-01 00:16:55,961 - __main__ - INFO - 状态数据已发送
2025-07-01 00:16:57,964 - __main__ - INFO - 状态数据已发送
2025-07-01 00:16:59,966 - __main__ - INFO - 状态数据已发送
2025-07-01 00:17:01,968 - __main__ - INFO - 状态数据已发送
2025-07-01 00:17:03,971 - __main__ - INFO - 状态数据已发送
2025-07-01 00:17:05,974 - __main__ - INFO - 状态数据已发送
2025-07-01 00:17:07,979 - __main__ - INFO - 状态数据已发送
2025-07-01 00:17:09,984 - __main__ - INFO - 状态数据已发送
2025-07-01 00:17:11,987 - __main__ - INFO - 状态数据已发送
2025-07-01 00:17:13,991 - __main__ - INFO - 状态数据已发送
2025-07-01 00:17:15,993 - __main__ - INFO - 状态数据已发送
2025-07-01 00:17:18,001 - __main__ - INFO - 状态数据已发送
2025-07-01 00:17:20,005 - __main__ - INFO - 状态数据已发送
2025-07-01 00:17:22,008 - __main__ - INFO - 状态数据已发送
2025-07-01 00:17:24,011 - __main__ - INFO - 状态数据已发送
2025-07-01 00:17:26,014 - __main__ - INFO - 状态数据已发送
2025-07-01 00:17:28,017 - __main__ - INFO - 状态数据已发送
2025-07-01 00:17:30,020 - __main__ - INFO - 状态数据已发送
2025-07-01 00:17:32,023 - __main__ - INFO - 状态数据已发送
2025-07-01 00:17:34,025 - __main__ - INFO - 状态数据已发送
2025-07-01 00:17:36,029 - __main__ - INFO - 状态数据已发送
2025-07-01 00:17:38,030 - __main__ - INFO - 状态数据已发送
2025-07-01 00:17:40,032 - __main__ - INFO - 状态数据已发送
2025-07-01 00:17:42,033 - __main__ - INFO - 状态数据已发送
2025-07-01 00:17:44,036 - __main__ - INFO - 状态数据已发送
2025-07-01 00:17:46,040 - __main__ - INFO - 状态数据已发送
2025-07-01 00:17:48,042 - __main__ - INFO - 状态数据已发送
2025-07-01 00:17:50,045 - __main__ - INFO - 状态数据已发送
2025-07-01 00:17:52,049 - __main__ - INFO - 状态数据已发送
2025-07-01 00:17:54,053 - __main__ - INFO - 状态数据已发送
2025-07-01 00:17:56,054 - __main__ - INFO - 状态数据已发送
2025-07-01 00:17:58,056 - __main__ - INFO - 状态数据已发送
2025-07-01 00:18:00,059 - __main__ - INFO - 状态数据已发送
2025-07-01 00:18:02,064 - __main__ - INFO - 状态数据已发送
2025-07-01 00:18:04,069 - __main__ - INFO - 状态数据已发送
2025-07-01 00:18:06,072 - __main__ - INFO - 状态数据已发送
2025-07-01 00:18:08,074 - __main__ - INFO - 状态数据已发送
2025-07-01 00:18:10,078 - __main__ - INFO - 状态数据已发送
2025-07-01 00:18:12,080 - __main__ - INFO - 状态数据已发送
2025-07-01 00:18:14,084 - __main__ - INFO - 状态数据已发送
2025-07-01 00:18:16,086 - __main__ - INFO - 状态数据已发送
2025-07-01 00:18:18,088 - __main__ - INFO - 状态数据已发送
2025-07-01 00:18:20,089 - __main__ - INFO - 状态数据已发送
2025-07-01 00:18:22,092 - __main__ - INFO - 状态数据已发送
2025-07-01 00:18:24,096 - __main__ - INFO - 状态数据已发送
2025-07-01 00:18:26,100 - __main__ - INFO - 状态数据已发送
2025-07-01 00:18:28,103 - __main__ - INFO - 状态数据已发送
2025-07-01 00:18:30,105 - __main__ - INFO - 状态数据已发送
2025-07-01 00:18:32,108 - __main__ - INFO - 状态数据已发送
2025-07-01 00:18:34,113 - __main__ - INFO - 状态数据已发送
2025-07-01 00:18:36,117 - __main__ - INFO - 状态数据已发送
2025-07-01 00:18:38,119 - __main__ - INFO - 状态数据已发送
2025-07-01 00:18:40,123 - __main__ - INFO - 状态数据已发送
2025-07-01 00:18:42,124 - __main__ - INFO - 状态数据已发送
2025-07-01 00:18:44,127 - __main__ - INFO - 状态数据已发送
2025-07-01 00:18:46,129 - __main__ - INFO - 状态数据已发送
2025-07-01 00:18:48,131 - __main__ - INFO - 状态数据已发送
2025-07-01 00:18:50,132 - __main__ - INFO - 状态数据已发送
2025-07-01 00:18:52,136 - __main__ - INFO - 状态数据已发送
2025-07-01 00:18:54,142 - __main__ - INFO - 状态数据已发送
2025-07-01 00:18:56,145 - __main__ - INFO - 状态数据已发送
2025-07-01 00:18:58,146 - __main__ - INFO - 状态数据已发送
2025-07-01 00:19:00,148 - __main__ - INFO - 状态数据已发送
2025-07-01 00:19:02,150 - __main__ - INFO - 状态数据已发送
2025-07-01 00:19:04,153 - __main__ - INFO - 状态数据已发送
2025-07-01 00:19:06,155 - __main__ - INFO - 状态数据已发送
2025-07-01 00:19:08,157 - __main__ - INFO - 状态数据已发送
2025-07-01 00:19:10,160 - __main__ - INFO - 状态数据已发送
2025-07-01 00:19:12,164 - __main__ - INFO - 状态数据已发送
2025-07-01 00:19:14,170 - __main__ - INFO - 状态数据已发送
2025-07-01 00:19:16,173 - __main__ - INFO - 状态数据已发送
2025-07-01 00:19:18,175 - __main__ - INFO - 状态数据已发送
2025-07-01 00:19:20,178 - __main__ - INFO - 状态数据已发送
2025-07-01 00:19:22,182 - __main__ - INFO - 状态数据已发送
2025-07-01 00:19:24,185 - __main__ - INFO - 状态数据已发送
2025-07-01 00:19:26,190 - __main__ - INFO - 状态数据已发送
2025-07-01 00:19:28,192 - __main__ - INFO - 状态数据已发送
2025-07-01 00:19:30,196 - __main__ - INFO - 状态数据已发送
2025-07-01 00:19:32,198 - __main__ - INFO - 状态数据已发送
2025-07-01 00:19:34,201 - __main__ - INFO - 状态数据已发送
2025-07-01 00:19:36,204 - __main__ - INFO - 状态数据已发送
2025-07-01 00:19:38,210 - __main__ - INFO - 状态数据已发送
2025-07-01 00:19:40,212 - __main__ - INFO - 状态数据已发送
2025-07-01 00:19:42,216 - __main__ - INFO - 状态数据已发送
2025-07-01 00:19:44,220 - __main__ - INFO - 状态数据已发送
2025-07-01 00:19:46,226 - __main__ - INFO - 状态数据已发送
2025-07-01 00:19:48,230 - __main__ - INFO - 状态数据已发送
2025-07-01 00:19:50,231 - __main__ - INFO - 状态数据已发送
2025-07-01 00:19:52,233 - __main__ - INFO - 状态数据已发送
2025-07-01 00:19:54,235 - __main__ - INFO - 状态数据已发送
2025-07-01 00:19:56,239 - __main__ - INFO - 状态数据已发送
2025-07-01 00:19:58,241 - __main__ - INFO - 状态数据已发送
2025-07-01 00:20:00,248 - __main__ - INFO - 状态数据已发送
2025-07-01 00:20:02,250 - __main__ - INFO - 状态数据已发送
2025-07-01 00:20:04,252 - __main__ - INFO - 状态数据已发送
2025-07-01 00:20:06,253 - __main__ - INFO - 状态数据已发送
2025-07-01 00:20:08,255 - __main__ - INFO - 状态数据已发送
2025-07-01 00:20:10,257 - __main__ - INFO - 状态数据已发送
2025-07-01 00:20:12,259 - __main__ - INFO - 状态数据已发送
2025-07-01 00:20:14,264 - __main__ - INFO - 状态数据已发送
2025-07-01 00:20:16,270 - __main__ - INFO - 状态数据已发送
2025-07-01 00:20:18,273 - __main__ - INFO - 状态数据已发送
2025-07-01 00:20:20,276 - __main__ - INFO - 状态数据已发送
2025-07-01 00:20:22,281 - __main__ - INFO - 状态数据已发送
2025-07-01 00:20:24,283 - __main__ - INFO - 状态数据已发送
2025-07-01 00:20:26,287 - __main__ - INFO - 状态数据已发送
2025-07-01 00:20:28,289 - __main__ - INFO - 状态数据已发送
2025-07-01 00:20:30,292 - __main__ - INFO - 状态数据已发送
2025-07-01 00:20:32,295 - __main__ - INFO - 状态数据已发送
2025-07-01 00:20:34,297 - __main__ - INFO - 状态数据已发送
2025-07-01 00:20:36,299 - __main__ - INFO - 状态数据已发送
2025-07-01 00:20:38,303 - __main__ - INFO - 状态数据已发送
2025-07-01 00:20:40,308 - __main__ - INFO - 状态数据已发送
2025-07-01 00:20:42,310 - __main__ - INFO - 状态数据已发送
2025-07-01 00:20:44,313 - __main__ - INFO - 状态数据已发送
2025-07-01 00:20:46,317 - __main__ - INFO - 状态数据已发送
2025-07-01 00:20:48,318 - __main__ - INFO - 状态数据已发送
2025-07-01 00:20:50,321 - __main__ - INFO - 状态数据已发送
2025-07-01 00:20:52,323 - __main__ - INFO - 状态数据已发送
2025-07-01 00:20:54,326 - __main__ - INFO - 状态数据已发送
2025-07-01 00:20:56,329 - __main__ - INFO - 状态数据已发送
2025-07-01 00:20:58,332 - __main__ - INFO - 状态数据已发送
2025-07-01 00:21:00,341 - __main__ - INFO - 状态数据已发送
2025-07-01 00:21:02,344 - __main__ - INFO - 状态数据已发送
2025-07-01 00:21:04,345 - __main__ - INFO - 状态数据已发送
2025-07-01 00:21:06,350 - __main__ - INFO - 状态数据已发送
2025-07-01 00:21:08,351 - __main__ - INFO - 状态数据已发送
2025-07-01 00:21:10,352 - __main__ - INFO - 状态数据已发送
2025-07-01 00:21:12,358 - __main__ - INFO - 状态数据已发送
2025-07-01 00:21:14,363 - __main__ - INFO - 状态数据已发送
2025-07-01 00:21:16,365 - __main__ - INFO - 状态数据已发送
2025-07-01 00:21:18,366 - __main__ - INFO - 状态数据已发送
2025-07-01 00:21:20,368 - __main__ - INFO - 状态数据已发送
2025-07-01 00:21:22,370 - __main__ - INFO - 状态数据已发送
2025-07-01 00:21:24,373 - __main__ - INFO - 状态数据已发送
2025-07-01 00:21:26,375 - __main__ - INFO - 状态数据已发送
2025-07-01 00:21:28,376 - __main__ - INFO - 状态数据已发送
2025-07-01 00:21:30,378 - __main__ - INFO - 状态数据已发送
2025-07-01 00:21:32,381 - __main__ - INFO - 状态数据已发送
2025-07-01 00:21:34,385 - __main__ - INFO - 状态数据已发送
2025-07-01 00:21:36,389 - __main__ - INFO - 状态数据已发送
2025-07-01 00:21:38,392 - __main__ - INFO - 状态数据已发送
2025-07-01 00:21:40,394 - __main__ - INFO - 状态数据已发送
2025-07-01 00:21:42,396 - __main__ - INFO - 状态数据已发送
2025-07-01 00:21:44,399 - __main__ - INFO - 状态数据已发送
2025-07-01 00:21:46,401 - __main__ - INFO - 状态数据已发送
2025-07-01 00:21:48,402 - __main__ - INFO - 状态数据已发送
2025-07-01 00:21:50,405 - __main__ - INFO - 状态数据已发送
2025-07-01 00:21:52,409 - __main__ - INFO - 状态数据已发送
2025-07-01 00:21:54,417 - __main__ - INFO - 状态数据已发送
2025-07-01 00:21:56,420 - __main__ - INFO - 状态数据已发送
2025-07-01 00:21:58,425 - __main__ - INFO - 状态数据已发送
2025-07-01 00:22:00,426 - __main__ - INFO - 状态数据已发送
2025-07-01 00:22:02,429 - __main__ - INFO - 状态数据已发送
2025-07-01 00:22:04,431 - __main__ - INFO - 状态数据已发送
2025-07-01 00:22:06,434 - __main__ - INFO - 状态数据已发送
2025-07-01 00:22:08,436 - __main__ - INFO - 状态数据已发送
2025-07-01 00:22:10,442 - __main__ - INFO - 状态数据已发送
2025-07-01 00:22:12,445 - __main__ - INFO - 状态数据已发送
2025-07-01 00:22:14,447 - __main__ - INFO - 状态数据已发送
2025-07-01 00:22:16,451 - __main__ - INFO - 状态数据已发送
2025-07-01 00:22:18,455 - __main__ - INFO - 状态数据已发送
2025-07-01 00:22:20,459 - __main__ - INFO - 状态数据已发送
2025-07-01 00:22:22,462 - __main__ - INFO - 状态数据已发送
2025-07-01 00:22:24,464 - __main__ - INFO - 状态数据已发送
2025-07-01 00:22:26,465 - __main__ - INFO - 状态数据已发送
2025-07-01 00:22:28,468 - __main__ - INFO - 状态数据已发送
2025-07-01 00:22:30,471 - __main__ - INFO - 状态数据已发送
2025-07-01 00:22:32,474 - __main__ - INFO - 状态数据已发送
2025-07-01 00:22:34,478 - __main__ - INFO - 状态数据已发送
2025-07-01 00:22:36,482 - __main__ - INFO - 状态数据已发送
2025-07-01 00:22:38,484 - __main__ - INFO - 状态数据已发送
2025-07-01 00:22:40,488 - __main__ - INFO - 状态数据已发送
2025-07-01 00:22:42,492 - __main__ - INFO - 状态数据已发送
2025-07-01 00:22:44,497 - __main__ - INFO - 状态数据已发送
2025-07-01 00:22:46,499 - __main__ - INFO - 状态数据已发送
2025-07-01 00:22:48,504 - __main__ - INFO - 状态数据已发送
2025-07-01 00:22:50,508 - __main__ - INFO - 状态数据已发送
2025-07-01 00:22:52,516 - __main__ - INFO - 状态数据已发送
2025-07-01 00:22:54,519 - __main__ - INFO - 状态数据已发送
2025-07-01 00:22:56,524 - __main__ - INFO - 状态数据已发送
2025-07-01 00:22:58,527 - __main__ - INFO - 状态数据已发送
2025-07-01 00:23:00,532 - __main__ - INFO - 状态数据已发送
2025-07-01 00:23:02,538 - __main__ - INFO - 状态数据已发送
2025-07-01 00:23:04,542 - __main__ - INFO - 状态数据已发送
2025-07-01 00:23:06,545 - __main__ - INFO - 状态数据已发送
2025-07-01 00:23:08,548 - __main__ - INFO - 状态数据已发送
2025-07-01 00:23:10,550 - __main__ - INFO - 状态数据已发送
2025-07-01 00:23:12,554 - __main__ - INFO - 状态数据已发送
2025-07-01 00:23:14,557 - __main__ - INFO - 状态数据已发送
2025-07-01 00:23:16,558 - __main__ - INFO - 状态数据已发送
2025-07-01 00:23:18,563 - __main__ - INFO - 状态数据已发送
2025-07-01 00:23:20,567 - __main__ - INFO - 状态数据已发送
2025-07-01 00:23:22,573 - __main__ - INFO - 状态数据已发送
2025-07-01 00:23:24,577 - __main__ - INFO - 状态数据已发送
2025-07-01 00:23:26,580 - __main__ - INFO - 状态数据已发送
2025-07-01 00:23:28,582 - __main__ - INFO - 状态数据已发送
2025-07-01 00:23:30,584 - __main__ - INFO - 状态数据已发送
2025-07-01 00:23:32,589 - __main__ - INFO - 状态数据已发送
2025-07-01 00:23:34,591 - __main__ - INFO - 状态数据已发送
2025-07-01 00:23:36,594 - __main__ - INFO - 状态数据已发送
2025-07-01 00:23:38,597 - __main__ - INFO - 状态数据已发送
2025-07-01 00:23:40,599 - __main__ - INFO - 状态数据已发送
2025-07-01 00:23:42,601 - __main__ - INFO - 状态数据已发送
2025-07-01 00:23:44,608 - __main__ - INFO - 状态数据已发送
2025-07-01 00:23:46,610 - __main__ - INFO - 状态数据已发送
2025-07-01 00:23:48,615 - __main__ - INFO - 状态数据已发送
2025-07-01 00:23:50,617 - __main__ - INFO - 状态数据已发送
2025-07-01 00:23:52,621 - __main__ - INFO - 状态数据已发送
2025-07-01 00:23:54,626 - __main__ - INFO - 状态数据已发送
2025-07-01 00:23:56,630 - __main__ - INFO - 状态数据已发送
2025-07-01 00:23:58,632 - __main__ - INFO - 状态数据已发送
2025-07-01 00:24:00,634 - __main__ - INFO - 状态数据已发送
2025-07-01 00:24:02,636 - __main__ - INFO - 状态数据已发送
2025-07-01 00:24:04,642 - __main__ - INFO - 状态数据已发送
2025-07-01 00:24:06,648 - __main__ - INFO - 状态数据已发送
2025-07-01 00:24:08,654 - __main__ - INFO - 状态数据已发送
2025-07-01 00:24:10,656 - __main__ - INFO - 状态数据已发送
2025-07-01 00:24:12,659 - __main__ - INFO - 状态数据已发送
2025-07-01 00:24:14,661 - __main__ - INFO - 状态数据已发送
2025-07-01 00:24:16,663 - __main__ - INFO - 状态数据已发送
2025-07-01 00:24:18,665 - __main__ - INFO - 状态数据已发送
2025-07-01 00:24:20,671 - __main__ - INFO - 状态数据已发送
2025-07-01 00:24:22,673 - __main__ - INFO - 状态数据已发送
2025-07-01 00:24:24,676 - __main__ - INFO - 状态数据已发送
2025-07-01 00:24:26,679 - __main__ - INFO - 状态数据已发送
2025-07-01 00:24:28,681 - __main__ - INFO - 状态数据已发送
2025-07-01 00:24:30,687 - __main__ - INFO - 状态数据已发送
2025-07-01 00:24:32,690 - __main__ - INFO - 状态数据已发送
2025-07-01 00:24:34,693 - __main__ - INFO - 状态数据已发送
2025-07-01 00:24:36,696 - __main__ - INFO - 状态数据已发送
2025-07-01 00:24:38,699 - __main__ - INFO - 状态数据已发送
2025-07-01 00:24:40,705 - __main__ - INFO - 状态数据已发送
2025-07-01 00:24:42,707 - __main__ - INFO - 状态数据已发送
2025-07-01 00:24:44,709 - __main__ - INFO - 状态数据已发送
2025-07-01 00:24:46,711 - __main__ - INFO - 状态数据已发送
2025-07-01 00:24:48,714 - __main__ - INFO - 状态数据已发送
2025-07-01 00:24:50,718 - __main__ - INFO - 状态数据已发送
2025-07-01 00:24:52,721 - __main__ - INFO - 状态数据已发送
2025-07-01 00:24:54,724 - __main__ - INFO - 状态数据已发送
2025-07-01 00:24:56,727 - __main__ - INFO - 状态数据已发送
2025-07-01 00:24:58,729 - __main__ - INFO - 状态数据已发送
2025-07-01 00:25:00,731 - __main__ - INFO - 状态数据已发送
2025-07-01 00:25:02,736 - __main__ - INFO - 状态数据已发送
2025-07-01 00:25:04,737 - __main__ - INFO - 状态数据已发送
2025-07-01 00:25:06,739 - __main__ - INFO - 状态数据已发送
2025-07-01 00:25:08,745 - __main__ - INFO - 状态数据已发送
2025-07-01 00:25:10,750 - __main__ - INFO - 状态数据已发送
2025-07-01 00:25:12,754 - __main__ - INFO - 状态数据已发送
2025-07-01 00:25:14,761 - __main__ - INFO - 状态数据已发送
2025-07-01 00:25:16,765 - __main__ - INFO - 状态数据已发送
2025-07-01 00:25:18,767 - __main__ - INFO - 状态数据已发送
2025-07-01 00:25:20,772 - __main__ - INFO - 状态数据已发送
2025-07-01 00:25:22,775 - __main__ - INFO - 状态数据已发送
2025-07-01 00:25:24,777 - __main__ - INFO - 状态数据已发送
2025-07-01 00:25:26,779 - __main__ - INFO - 状态数据已发送
2025-07-01 00:25:28,783 - __main__ - INFO - 状态数据已发送
2025-07-01 00:25:30,786 - __main__ - INFO - 状态数据已发送
2025-07-01 00:25:32,789 - __main__ - INFO - 状态数据已发送
2025-07-01 00:25:34,791 - __main__ - INFO - 状态数据已发送
2025-07-01 00:25:36,793 - __main__ - INFO - 状态数据已发送
2025-07-01 00:25:38,798 - __main__ - INFO - 状态数据已发送
2025-07-01 00:25:40,799 - __main__ - INFO - 状态数据已发送
2025-07-01 00:25:42,800 - __main__ - INFO - 状态数据已发送
2025-07-01 00:25:44,804 - __main__ - INFO - 状态数据已发送
2025-07-01 00:25:46,815 - __main__ - INFO - 状态数据已发送
2025-07-01 00:25:48,817 - __main__ - INFO - 状态数据已发送
2025-07-01 00:25:50,819 - __main__ - INFO - 状态数据已发送
2025-07-01 00:25:52,825 - __main__ - INFO - 状态数据已发送
2025-07-01 00:25:54,827 - __main__ - INFO - 状态数据已发送
2025-07-01 00:25:56,829 - __main__ - INFO - 状态数据已发送
2025-07-01 00:25:58,834 - __main__ - INFO - 状态数据已发送
2025-07-01 00:26:00,836 - __main__ - INFO - 状态数据已发送
2025-07-01 00:26:02,838 - __main__ - INFO - 状态数据已发送
2025-07-01 00:26:04,840 - __main__ - INFO - 状态数据已发送
2025-07-01 00:26:06,843 - __main__ - INFO - 状态数据已发送
2025-07-01 00:26:08,845 - __main__ - INFO - 状态数据已发送
2025-07-01 00:26:10,848 - __main__ - INFO - 状态数据已发送
2025-07-01 00:26:12,854 - __main__ - INFO - 状态数据已发送
2025-07-01 00:26:14,856 - __main__ - INFO - 状态数据已发送
2025-07-01 00:26:16,858 - __main__ - INFO - 状态数据已发送
2025-07-01 00:26:18,861 - __main__ - INFO - 状态数据已发送
2025-07-01 00:26:20,866 - __main__ - INFO - 状态数据已发送
2025-07-01 00:26:22,868 - __main__ - INFO - 状态数据已发送
2025-07-01 00:26:24,870 - __main__ - INFO - 状态数据已发送
2025-07-01 00:26:26,874 - __main__ - INFO - 状态数据已发送
2025-07-01 00:26:28,876 - __main__ - INFO - 状态数据已发送
2025-07-01 00:26:30,879 - __main__ - INFO - 状态数据已发送
2025-07-01 00:26:32,881 - __main__ - INFO - 状态数据已发送
2025-07-01 00:26:34,884 - __main__ - INFO - 状态数据已发送
2025-07-01 00:26:36,886 - __main__ - INFO - 状态数据已发送
2025-07-01 00:26:38,888 - __main__ - INFO - 状态数据已发送
2025-07-01 00:26:40,893 - __main__ - INFO - 状态数据已发送
2025-07-01 00:26:42,896 - __main__ - INFO - 状态数据已发送
2025-07-01 00:26:44,898 - __main__ - INFO - 状态数据已发送
2025-07-01 00:26:46,901 - __main__ - INFO - 状态数据已发送
2025-07-01 00:26:48,902 - __main__ - INFO - 状态数据已发送
2025-07-01 00:26:50,904 - __main__ - INFO - 状态数据已发送
2025-07-01 00:26:52,905 - __main__ - INFO - 状态数据已发送
2025-07-01 00:26:54,908 - __main__ - INFO - 状态数据已发送
2025-07-01 00:26:56,913 - __main__ - INFO - 状态数据已发送
2025-07-01 00:26:58,917 - __main__ - INFO - 状态数据已发送
2025-07-01 00:27:00,920 - __main__ - INFO - 状态数据已发送
2025-07-01 00:27:02,923 - __main__ - INFO - 状态数据已发送
2025-07-01 00:27:04,927 - __main__ - INFO - 状态数据已发送
2025-07-01 00:27:06,935 - __main__ - INFO - 状态数据已发送
2025-07-01 00:27:08,940 - __main__ - INFO - 状态数据已发送
2025-07-01 00:27:10,949 - __main__ - INFO - 状态数据已发送
2025-07-01 00:27:12,953 - __main__ - INFO - 状态数据已发送
2025-07-01 00:27:14,955 - __main__ - INFO - 状态数据已发送
2025-07-01 00:27:16,960 - __main__ - INFO - 状态数据已发送
2025-07-01 00:27:18,965 - __main__ - INFO - 状态数据已发送
2025-07-01 00:27:20,966 - __main__ - INFO - 状态数据已发送
2025-07-01 00:27:22,970 - __main__ - INFO - 状态数据已发送
2025-07-01 00:27:24,976 - __main__ - INFO - 状态数据已发送
2025-07-01 00:27:26,979 - __main__ - INFO - 状态数据已发送
2025-07-01 00:27:28,983 - __main__ - INFO - 状态数据已发送
2025-07-01 00:27:30,989 - __main__ - INFO - 状态数据已发送
2025-07-01 00:27:32,991 - __main__ - INFO - 状态数据已发送
2025-07-01 00:27:34,993 - __main__ - INFO - 状态数据已发送
2025-07-01 00:27:36,995 - __main__ - INFO - 状态数据已发送
2025-07-01 00:27:38,997 - __main__ - INFO - 状态数据已发送
2025-07-01 00:27:41,001 - __main__ - INFO - 状态数据已发送
2025-07-01 00:27:43,008 - __main__ - INFO - 状态数据已发送
2025-07-01 00:27:45,011 - __main__ - INFO - 状态数据已发送
2025-07-01 00:27:47,014 - __main__ - INFO - 状态数据已发送
2025-07-01 00:27:49,016 - __main__ - INFO - 状态数据已发送
2025-07-01 00:27:51,018 - __main__ - INFO - 状态数据已发送
2025-07-01 00:27:53,021 - __main__ - INFO - 状态数据已发送
2025-07-01 00:27:55,026 - __main__ - INFO - 状态数据已发送
2025-07-01 00:27:57,027 - __main__ - INFO - 状态数据已发送
2025-07-01 00:27:57,992 - __main__ - INFO - 启动AGV模拟器 - ID: AGV_001
2025-07-01 00:27:57,998 - __main__ - INFO - AGV模拟器启动完成
2025-07-01 00:27:57,998 - __main__ - INFO - AGV模拟器运行中，按Ctrl+C停止...
2025-07-01 00:27:58,000 - __main__ - INFO - 连接成功 - 端口: 19301, 类型: state
2025-07-01 00:27:58,000 - __main__ - INFO - 连接成功 - 端口: 19206, 类型: translate
2025-07-01 00:27:58,000 - __main__ - INFO - 连接成功 - 端口: 19207, 类型: turn
2025-07-01 00:27:58,000 - __main__ - INFO - 连接成功 - 端口: 19205, 类型: pick_drop
2025-07-01 00:27:58,000 - __main__ - INFO - 连接成功 - 端口: 19209, 类型: pause
2025-07-01 00:27:58,000 - __main__ - INFO - 连接成功 - 端口: 19208, 类型: reloc
2025-07-01 00:27:58,000 - __main__ - INFO - 连接成功 - 端口: 19210, 类型: other
2025-07-01 00:27:58,005 - __main__ - ERROR - 接收消息错误 - 端口: 19207, 错误: 'utf-8' codec can't decode byte 0xa5 in position 9: invalid start byte
2025-07-01 00:27:59,029 - __main__ - INFO - 状态数据已发送
2025-07-01 00:27:59,998 - __main__ - INFO - 状态数据已发送
2025-07-01 00:28:01,035 - __main__ - INFO - 状态数据已发送
2025-07-01 00:28:02,000 - __main__ - INFO - 状态数据已发送
2025-07-01 00:28:03,041 - __main__ - INFO - 状态数据已发送
2025-07-01 00:28:04,005 - __main__ - INFO - 状态数据已发送
2025-07-01 00:28:05,044 - __main__ - INFO - 状态数据已发送
2025-07-01 00:28:06,008 - __main__ - INFO - 状态数据已发送
2025-07-01 00:28:07,050 - __main__ - INFO - 状态数据已发送
2025-07-01 00:28:08,010 - __main__ - INFO - 状态数据已发送
2025-07-01 00:28:09,053 - __main__ - INFO - 状态数据已发送
2025-07-01 00:28:10,012 - __main__ - INFO - 状态数据已发送
2025-07-01 00:28:11,055 - __main__ - INFO - 状态数据已发送
2025-07-01 00:28:12,018 - __main__ - INFO - 状态数据已发送
2025-07-01 00:28:13,057 - __main__ - INFO - 状态数据已发送
2025-07-01 00:28:14,020 - __main__ - INFO - 状态数据已发送
2025-07-01 00:28:15,059 - __main__ - INFO - 状态数据已发送
2025-07-01 00:28:16,023 - __main__ - INFO - 状态数据已发送
2025-07-01 00:28:17,064 - __main__ - INFO - 状态数据已发送
2025-07-01 00:28:18,025 - __main__ - INFO - 状态数据已发送
2025-07-01 00:28:19,074 - __main__ - INFO - 状态数据已发送
2025-07-01 00:28:20,029 - __main__ - INFO - 状态数据已发送
2025-07-01 00:28:21,077 - __main__ - INFO - 状态数据已发送
2025-07-01 00:28:22,032 - __main__ - INFO - 状态数据已发送
2025-07-01 00:28:23,079 - __main__ - INFO - 状态数据已发送
2025-07-01 00:28:24,038 - __main__ - INFO - 状态数据已发送
2025-07-01 00:28:25,081 - __main__ - INFO - 状态数据已发送
2025-07-01 00:28:26,040 - __main__ - INFO - 状态数据已发送
2025-07-01 00:28:27,083 - __main__ - INFO - 状态数据已发送
2025-07-01 00:28:28,041 - __main__ - INFO - 状态数据已发送
2025-07-01 00:28:29,087 - __main__ - INFO - 状态数据已发送
2025-07-01 00:28:30,043 - __main__ - INFO - 状态数据已发送
2025-07-01 00:28:31,088 - __main__ - INFO - 状态数据已发送
2025-07-01 00:28:33,091 - __main__ - INFO - 状态数据已发送
2025-07-01 00:28:35,093 - __main__ - INFO - 状态数据已发送
2025-07-01 00:28:37,103 - __main__ - INFO - 状态数据已发送
2025-07-01 00:28:39,105 - __main__ - INFO - 状态数据已发送
2025-07-01 00:28:41,108 - __main__ - INFO - 状态数据已发送
2025-07-01 00:28:43,110 - __main__ - INFO - 状态数据已发送
2025-07-01 00:28:45,113 - __main__ - INFO - 状态数据已发送
2025-07-01 00:28:47,118 - __main__ - INFO - 状态数据已发送
2025-07-01 00:28:49,120 - __main__ - INFO - 状态数据已发送
2025-07-01 00:28:51,123 - __main__ - INFO - 状态数据已发送
2025-07-01 00:28:53,126 - __main__ - INFO - 状态数据已发送
2025-07-01 00:28:55,130 - __main__ - INFO - 状态数据已发送
2025-07-01 00:28:57,133 - __main__ - INFO - 状态数据已发送
2025-07-01 00:28:59,136 - __main__ - INFO - 状态数据已发送
2025-07-01 00:29:01,138 - __main__ - INFO - 状态数据已发送
2025-07-01 00:29:03,140 - __main__ - INFO - 状态数据已发送
2025-07-01 00:29:05,143 - __main__ - INFO - 状态数据已发送
2025-07-01 00:29:07,151 - __main__ - INFO - 状态数据已发送
2025-07-01 00:29:09,152 - __main__ - INFO - 状态数据已发送
2025-07-01 00:29:11,153 - __main__ - INFO - 状态数据已发送
2025-07-01 00:29:13,158 - __main__ - INFO - 状态数据已发送
2025-07-01 00:29:15,159 - __main__ - INFO - 状态数据已发送
2025-07-01 00:29:44,108 - __main__ - INFO - 启动AGV模拟器 - ID: AGV_001
2025-07-01 00:29:44,112 - __main__ - INFO - AGV模拟器启动完成
2025-07-01 00:29:44,112 - __main__ - INFO - AGV模拟器运行中，按Ctrl+C停止...
2025-07-01 00:29:44,117 - __main__ - INFO - 连接成功 - 端口: 19205, 类型: pick_drop
2025-07-01 00:29:44,117 - __main__ - INFO - 连接成功 - 端口: 19206, 类型: translate
2025-07-01 00:29:44,117 - __main__ - INFO - 连接成功 - 端口: 19209, 类型: pause
2025-07-01 00:29:44,117 - __main__ - INFO - 连接成功 - 端口: 19210, 类型: other
2025-07-01 00:29:44,117 - __main__ - INFO - 连接成功 - 端口: 19208, 类型: reloc
2025-07-01 00:29:44,117 - __main__ - INFO - 连接成功 - 端口: 19301, 类型: state
2025-07-01 00:29:44,117 - __main__ - INFO - 连接成功 - 端口: 19207, 类型: turn
2025-07-01 00:29:44,123 - __main__ - ERROR - 接收消息错误 - 端口: 19207, 错误: 'utf-8' codec can't decode byte 0xa5 in position 9: invalid start byte
2025-07-01 00:29:46,112 - __main__ - INFO - 状态数据已发送
2025-07-01 00:29:48,114 - __main__ - INFO - 状态数据已发送
2025-07-01 00:29:50,116 - __main__ - INFO - 状态数据已发送
2025-07-01 00:29:52,117 - __main__ - INFO - 状态数据已发送
2025-07-01 00:29:54,119 - __main__ - INFO - 状态数据已发送
2025-07-01 00:29:56,122 - __main__ - INFO - 状态数据已发送
2025-07-01 00:29:58,123 - __main__ - INFO - 状态数据已发送
2025-07-01 00:30:00,124 - __main__ - INFO - 状态数据已发送
2025-07-01 00:30:02,125 - __main__ - INFO - 状态数据已发送
2025-07-01 00:30:04,127 - __main__ - INFO - 状态数据已发送
2025-07-01 00:30:06,128 - __main__ - INFO - 状态数据已发送
2025-07-01 00:30:08,129 - __main__ - INFO - 状态数据已发送
2025-07-01 00:30:10,131 - __main__ - INFO - 状态数据已发送
2025-07-01 00:30:12,132 - __main__ - INFO - 状态数据已发送
2025-07-01 00:30:14,136 - __main__ - INFO - 状态数据已发送
2025-07-01 00:30:16,142 - __main__ - INFO - 状态数据已发送
2025-07-01 00:30:18,144 - __main__ - INFO - 状态数据已发送
2025-07-01 00:30:20,146 - __main__ - INFO - 状态数据已发送
2025-07-01 00:30:22,147 - __main__ - INFO - 状态数据已发送
2025-07-01 00:30:24,150 - __main__ - INFO - 状态数据已发送
2025-07-01 00:30:26,152 - __main__ - INFO - 状态数据已发送
2025-07-01 00:30:28,156 - __main__ - INFO - 状态数据已发送
2025-07-01 00:30:30,160 - __main__ - INFO - 状态数据已发送
2025-07-01 00:30:32,164 - __main__ - INFO - 状态数据已发送
2025-07-01 00:30:34,166 - __main__ - INFO - 状态数据已发送
2025-07-01 00:30:36,169 - __main__ - INFO - 状态数据已发送
2025-07-01 00:30:38,172 - __main__ - INFO - 状态数据已发送
2025-07-01 00:30:40,175 - __main__ - INFO - 状态数据已发送
2025-07-01 00:30:42,176 - __main__ - INFO - 状态数据已发送
2025-07-01 00:30:44,179 - __main__ - INFO - 状态数据已发送
2025-07-01 00:30:46,183 - __main__ - INFO - 状态数据已发送
2025-07-01 00:30:48,185 - __main__ - INFO - 状态数据已发送
2025-07-01 00:30:50,187 - __main__ - INFO - 状态数据已发送
2025-07-01 00:30:52,190 - __main__ - INFO - 状态数据已发送
2025-07-01 00:30:54,192 - __main__ - INFO - 状态数据已发送
2025-07-01 00:30:56,196 - __main__ - INFO - 状态数据已发送
2025-07-01 00:30:58,198 - __main__ - INFO - 状态数据已发送
2025-07-01 00:31:00,201 - __main__ - INFO - 状态数据已发送
2025-07-01 00:31:02,204 - __main__ - INFO - 状态数据已发送
2025-07-01 00:31:04,206 - __main__ - INFO - 状态数据已发送
2025-07-01 00:31:06,209 - __main__ - INFO - 状态数据已发送
2025-07-01 00:31:08,212 - __main__ - INFO - 状态数据已发送
2025-07-01 00:31:10,216 - __main__ - INFO - 状态数据已发送
2025-07-01 00:31:12,218 - __main__ - INFO - 状态数据已发送
2025-07-01 00:31:14,223 - __main__ - INFO - 状态数据已发送
2025-07-01 00:31:16,224 - __main__ - INFO - 状态数据已发送
2025-07-01 00:31:18,229 - __main__ - INFO - 状态数据已发送
2025-07-01 00:31:20,233 - __main__ - INFO - 状态数据已发送
2025-07-01 00:31:22,236 - __main__ - INFO - 状态数据已发送
2025-07-01 00:31:24,240 - __main__ - INFO - 状态数据已发送
2025-07-01 00:31:26,242 - __main__ - INFO - 状态数据已发送
2025-07-01 00:31:28,251 - __main__ - INFO - 状态数据已发送
2025-07-01 00:31:30,255 - __main__ - INFO - 状态数据已发送
2025-07-01 00:31:32,258 - __main__ - INFO - 状态数据已发送
2025-07-01 00:31:34,262 - __main__ - INFO - 状态数据已发送
2025-07-01 00:31:36,266 - __main__ - INFO - 状态数据已发送
2025-07-01 00:31:38,268 - __main__ - INFO - 状态数据已发送
2025-07-01 00:31:40,269 - __main__ - INFO - 状态数据已发送
2025-07-01 00:31:42,273 - __main__ - INFO - 状态数据已发送
2025-07-01 00:31:44,276 - __main__ - INFO - 状态数据已发送
2025-07-01 00:31:46,279 - __main__ - INFO - 状态数据已发送
2025-07-01 00:31:48,282 - __main__ - INFO - 状态数据已发送
2025-07-01 00:31:50,287 - __main__ - INFO - 状态数据已发送
2025-07-01 00:31:52,291 - __main__ - INFO - 状态数据已发送
2025-07-01 00:31:54,293 - __main__ - INFO - 状态数据已发送
2025-07-01 00:31:56,295 - __main__ - INFO - 状态数据已发送
2025-07-01 00:31:58,297 - __main__ - INFO - 状态数据已发送
2025-07-01 00:32:00,302 - __main__ - INFO - 状态数据已发送
2025-07-01 00:32:02,303 - __main__ - INFO - 状态数据已发送
2025-07-01 00:32:04,305 - __main__ - INFO - 状态数据已发送
2025-07-01 00:32:06,309 - __main__ - INFO - 状态数据已发送
2025-07-01 00:32:08,312 - __main__ - INFO - 状态数据已发送
2025-07-01 00:32:10,314 - __main__ - INFO - 状态数据已发送
2025-07-01 00:32:12,317 - __main__ - INFO - 状态数据已发送
2025-07-01 00:32:14,323 - __main__ - INFO - 状态数据已发送
2025-07-01 00:32:16,328 - __main__ - INFO - 状态数据已发送
2025-07-01 00:32:18,331 - __main__ - INFO - 状态数据已发送
2025-07-01 00:32:20,333 - __main__ - INFO - 状态数据已发送
2025-07-01 00:32:22,337 - __main__ - INFO - 状态数据已发送
2025-07-01 00:32:24,340 - __main__ - INFO - 状态数据已发送
2025-07-01 00:32:26,343 - __main__ - INFO - 状态数据已发送
2025-07-01 00:32:28,348 - __main__ - INFO - 状态数据已发送
2025-07-01 00:32:30,351 - __main__ - INFO - 状态数据已发送
2025-07-01 00:32:32,354 - __main__ - INFO - 状态数据已发送
2025-07-01 00:32:34,356 - __main__ - INFO - 状态数据已发送
2025-07-01 00:32:36,360 - __main__ - INFO - 状态数据已发送
2025-07-01 00:32:38,362 - __main__ - INFO - 状态数据已发送
2025-07-01 00:32:40,364 - __main__ - INFO - 状态数据已发送
2025-07-01 00:32:42,367 - __main__ - INFO - 状态数据已发送
2025-07-01 00:32:44,370 - __main__ - INFO - 状态数据已发送
2025-07-01 00:32:46,374 - __main__ - INFO - 状态数据已发送
2025-07-01 00:32:48,376 - __main__ - INFO - 状态数据已发送
2025-07-01 00:32:50,380 - __main__ - INFO - 状态数据已发送
2025-07-01 00:32:52,384 - __main__ - INFO - 状态数据已发送
2025-07-01 00:32:54,388 - __main__ - INFO - 状态数据已发送
2025-07-01 00:32:56,393 - __main__ - INFO - 状态数据已发送
2025-07-01 00:32:58,395 - __main__ - INFO - 状态数据已发送
2025-07-01 00:33:00,398 - __main__ - INFO - 状态数据已发送
2025-07-01 00:33:02,403 - __main__ - INFO - 状态数据已发送
2025-07-01 00:33:04,405 - __main__ - INFO - 状态数据已发送
2025-07-01 00:33:06,409 - __main__ - INFO - 状态数据已发送
2025-07-01 00:33:08,417 - __main__ - INFO - 状态数据已发送
2025-07-01 00:33:10,419 - __main__ - INFO - 状态数据已发送
2025-07-01 00:33:12,420 - __main__ - INFO - 状态数据已发送
2025-07-01 00:33:14,422 - __main__ - INFO - 状态数据已发送
2025-07-01 00:33:16,426 - __main__ - INFO - 状态数据已发送
2025-07-01 00:33:18,429 - __main__ - INFO - 状态数据已发送
2025-07-01 00:33:20,433 - __main__ - INFO - 状态数据已发送
2025-07-01 00:33:22,435 - __main__ - INFO - 状态数据已发送
2025-07-01 00:33:24,438 - __main__ - INFO - 状态数据已发送
2025-07-01 00:33:26,441 - __main__ - INFO - 状态数据已发送
2025-07-01 00:33:28,442 - __main__ - INFO - 状态数据已发送
2025-07-01 00:33:30,446 - __main__ - INFO - 状态数据已发送
2025-07-01 00:33:32,450 - __main__ - INFO - 状态数据已发送
2025-07-01 00:33:34,454 - __main__ - INFO - 状态数据已发送
2025-07-01 00:33:36,457 - __main__ - INFO - 状态数据已发送
2025-07-01 00:33:38,459 - __main__ - INFO - 状态数据已发送
2025-07-01 00:33:40,460 - __main__ - INFO - 状态数据已发送
2025-07-01 00:33:41,145 - __main__ - INFO - 启动AGV模拟器 - ID: TEST-AGV-001
2025-07-01 00:33:41,148 - __main__ - INFO - AGV模拟器启动完成
2025-07-01 00:33:41,148 - __main__ - INFO - AGV模拟器运行中，按Ctrl+C停止...
2025-07-01 00:33:41,152 - __main__ - INFO - 连接成功 - 端口: 19210, 类型: emergency
2025-07-01 00:33:41,152 - __main__ - INFO - 连接成功 - 端口: 19207, 类型: error
2025-07-01 00:33:41,152 - __main__ - INFO - 连接成功 - 端口: 19301, 类型: state
2025-07-01 00:33:41,152 - __main__ - INFO - 连接成功 - 端口: 19206, 类型: action
2025-07-01 00:33:41,152 - __main__ - INFO - 连接成功 - 端口: 19205, 类型: reloc
2025-07-01 00:33:41,155 - __main__ - INFO - 解析TCP数据包 - 同步头: 0x5A, 版本: 1, 序列: 2, 数据长度: 31, 消息类型: 4005
2025-07-01 00:33:41,155 - __main__ - INFO - 收到服务器消息 - 端口: 19207, 类型: error
2025-07-01 00:33:41,155 - __main__ - INFO - 消息内容: {
  "messageType": 4005,
  "timestamp": 0,
  "data": {},
  "sequence": 2,
  "format": "binary_tcp"
}
2025-07-01 00:33:41,156 - __main__ - INFO - 处理消息 - 端口类型: error, 消息类型: 4005
2025-07-01 00:33:41,156 - __main__ - INFO - 收到抢夺控制权指令
2025-07-01 00:33:41,156 - __main__ - INFO - 控制权请求来自: 未知用户
2025-07-01 00:33:41,156 - __main__ - INFO - 控制权已转移给: 未知用户
2025-07-01 00:33:41,156 - __main__ - INFO - 发送控制权确认: {"messageType": 4006, "timestamp": 1751301221156, "data": {"status": "success", "controller": "未知用户", "vehicle_id": "TEST-AGV-001"}}
2025-07-01 00:33:42,462 - __main__ - INFO - 状态数据已发送
2025-07-01 00:33:43,149 - __main__ - INFO - 状态数据已发送
2025-07-01 00:33:44,465 - __main__ - INFO - 状态数据已发送
2025-07-01 00:33:45,150 - __main__ - INFO - 状态数据已发送
2025-07-01 00:33:46,467 - __main__ - INFO - 状态数据已发送
2025-07-01 00:33:47,152 - __main__ - INFO - 状态数据已发送
2025-07-01 00:33:48,470 - __main__ - INFO - 状态数据已发送
2025-07-01 00:33:49,154 - __main__ - INFO - 状态数据已发送
2025-07-01 00:33:50,473 - __main__ - INFO - 状态数据已发送
2025-07-01 00:33:51,156 - __main__ - INFO - 状态数据已发送
2025-07-01 00:33:52,474 - __main__ - INFO - 状态数据已发送
2025-07-01 00:33:53,158 - __main__ - INFO - 状态数据已发送
2025-07-01 00:33:54,475 - __main__ - INFO - 状态数据已发送
2025-07-01 00:33:55,160 - __main__ - INFO - 状态数据已发送
2025-07-01 00:33:56,477 - __main__ - INFO - 状态数据已发送
2025-07-01 00:33:57,162 - __main__ - INFO - 状态数据已发送
2025-07-01 00:33:58,478 - __main__ - INFO - 状态数据已发送
2025-07-01 00:33:59,163 - __main__ - INFO - 状态数据已发送
2025-07-01 00:34:00,481 - __main__ - INFO - 状态数据已发送
2025-07-01 00:34:01,164 - __main__ - INFO - 状态数据已发送
2025-07-01 00:34:02,484 - __main__ - INFO - 状态数据已发送
2025-07-01 00:34:04,485 - __main__ - INFO - 状态数据已发送
2025-07-01 00:34:06,488 - __main__ - INFO - 状态数据已发送
2025-07-01 00:34:08,489 - __main__ - INFO - 状态数据已发送
2025-07-01 00:34:10,493 - __main__ - INFO - 状态数据已发送
2025-07-01 00:34:12,499 - __main__ - INFO - 状态数据已发送
2025-07-01 00:34:14,503 - __main__ - INFO - 状态数据已发送
2025-07-01 00:34:16,508 - __main__ - INFO - 状态数据已发送
2025-07-01 00:34:18,510 - __main__ - INFO - 状态数据已发送
2025-07-01 00:34:20,514 - __main__ - INFO - 状态数据已发送
2025-07-01 00:34:22,516 - __main__ - INFO - 状态数据已发送
2025-07-01 00:34:24,517 - __main__ - INFO - 状态数据已发送
2025-07-01 00:34:26,518 - __main__ - INFO - 状态数据已发送
2025-07-01 00:34:28,520 - __main__ - INFO - 状态数据已发送
2025-07-01 00:34:30,523 - __main__ - INFO - 状态数据已发送
2025-07-01 00:34:31,804 - __main__ - ERROR - 接收消息错误 - 端口: 19208, 错误: [WinError 10054] 远程主机强迫关闭了一个现有的连接。
2025-07-01 00:34:31,804 - __main__ - ERROR - 接收消息错误 - 端口: 19209, 错误: [WinError 10054] 远程主机强迫关闭了一个现有的连接。
2025-07-01 00:34:31,804 - __main__ - ERROR - 接收消息错误 - 端口: 19210, 错误: [WinError 10054] 远程主机强迫关闭了一个现有的连接。
2025-07-01 00:34:31,804 - __main__ - ERROR - 接收消息错误 - 端口: 19301, 错误: [WinError 10054] 远程主机强迫关闭了一个现有的连接。
2025-07-01 00:34:31,804 - __main__ - ERROR - 接收消息错误 - 端口: 19205, 错误: [WinError 10054] 远程主机强迫关闭了一个现有的连接。
2025-07-01 00:34:31,804 - __main__ - ERROR - 接收消息错误 - 端口: 19206, 错误: [WinError 10054] 远程主机强迫关闭了一个现有的连接。
2025-07-01 00:34:32,526 - __main__ - ERROR - 发送状态数据失败: [WinError 10038] 在一个非套接字上尝试了一个操作。
2025-07-01 00:34:44,975 - __main__ - INFO - 启动AGV模拟器 - ID: AGV_001
2025-07-01 00:34:44,978 - __main__ - INFO - AGV模拟器启动完成
2025-07-01 00:34:44,979 - __main__ - INFO - AGV模拟器运行中，按Ctrl+C停止...
2025-07-01 00:34:44,982 - __main__ - INFO - 连接成功 - 端口: 19205, 类型: reloc
2025-07-01 00:34:44,982 - __main__ - INFO - 连接成功 - 端口: 19207, 类型: error
2025-07-01 00:34:44,982 - __main__ - INFO - 连接成功 - 端口: 19206, 类型: action
2025-07-01 00:34:44,982 - __main__ - INFO - 连接成功 - 端口: 19210, 类型: emergency
2025-07-01 00:34:44,982 - __main__ - INFO - 连接成功 - 端口: 19301, 类型: state
2025-07-01 00:34:44,988 - __main__ - INFO - 解析TCP数据包 - 同步头: 0x5A, 版本: 1, 序列: 1, 数据长度: 31, 消息类型: 4005
2025-07-01 00:34:44,988 - __main__ - INFO - 收到服务器消息 - 端口: 19207, 类型: error
2025-07-01 00:34:44,988 - __main__ - INFO - 消息内容: {
  "messageType": 4005,
  "timestamp": 0,
  "data": {},
  "sequence": 1,
  "format": "binary_tcp"
}
2025-07-01 00:34:44,988 - __main__ - INFO - 处理消息 - 端口类型: error, 消息类型: 4005
2025-07-01 00:34:44,989 - __main__ - INFO - 收到抢夺控制权指令
2025-07-01 00:34:44,989 - __main__ - INFO - 控制权请求来自: 未知用户
2025-07-01 00:34:44,989 - __main__ - INFO - 控制权已转移给: 未知用户
2025-07-01 00:34:44,989 - __main__ - INFO - 发送控制权确认: {"messageType": 4006, "timestamp": 1751301284989, "data": {"status": "success", "controller": "未知用户", "vehicle_id": "AGV_001"}}
2025-07-01 00:34:46,979 - __main__ - INFO - 状态数据已发送
2025-07-01 00:34:48,982 - __main__ - INFO - 状态数据已发送
2025-07-01 00:34:50,985 - __main__ - INFO - 状态数据已发送
2025-07-01 00:34:52,986 - __main__ - INFO - 状态数据已发送
2025-07-01 00:34:54,988 - __main__ - INFO - 状态数据已发送
2025-07-01 00:34:56,995 - __main__ - INFO - 状态数据已发送
2025-07-01 00:34:58,998 - __main__ - INFO - 状态数据已发送
2025-07-01 00:35:00,999 - __main__ - INFO - 状态数据已发送
2025-07-01 00:35:03,002 - __main__ - INFO - 状态数据已发送
2025-07-01 00:35:05,005 - __main__ - INFO - 状态数据已发送
2025-07-01 00:35:07,009 - __main__ - INFO - 状态数据已发送
2025-07-02 09:35:26,855 - agv_simulator - INFO - AGV模拟器配置 - 制造商: SEER, 序列号: TEST_AGV
2025-07-02 09:35:26,858 - tcp.manufacturer_a - INFO - [INFO] 构建空数据区TCP包 - 类型: 3003
2025-07-02 09:35:26,858 - tcp.manufacturer_a - INFO - [INFO] 构建二进制TCP包 - 类型: 3003, 序列: 1, 数据长度: 0
2025-07-02 09:35:26,858 - agv_simulator - INFO - ================================================================================
2025-07-02 09:35:26,859 - agv_simulator - INFO - 【收到二进制TCP数据包】
2025-07-02 09:35:26,859 - agv_simulator - INFO - ================================================================================
2025-07-02 09:35:26,874 - agv_simulator - INFO -    0000: 5A 01 00 01 00 00 00 00 0B BB 00 00 00 00 00 00
2025-07-02 09:35:26,874 - agv_simulator - INFO - --------------------------------------------------------------------------------
2025-07-02 09:35:26,879 - agv_simulator - INFO -    - 字节 0      : 0x5A (同步头)
2025-07-02 09:35:26,880 - agv_simulator - INFO -    - 字节 1      : 0x01 (版本)
2025-07-02 09:35:26,880 - agv_simulator - INFO -    - 字节 2-3    : 0x0001 (1) (序列号)
2025-07-02 09:35:26,880 - agv_simulator - INFO -    - 字节 4-7    : 0x00000000 (0) (数据长度)
2025-07-02 09:35:26,880 - agv_simulator - INFO -    - 字节 8-9    : 0x0BBB (3003) (消息类型)
2025-07-02 09:35:26,880 - agv_simulator - INFO -    - 字节 10-15  : 000000000000 (保留字段)
2025-07-02 09:35:26,881 - agv_simulator - INFO -    - 消息类型说明: 取消订单 (cancelOrder)
2025-07-02 09:35:26,883 - agv_simulator - INFO -    - 这是一个无数据内容的指令，符合空数据区协议要求
2025-07-02 09:35:26,883 - agv_simulator - INFO - ================================================================================
2025-07-02 09:35:26,883 - agv_simulator - INFO - 【二进制TCP数据包解析完成】
2025-07-02 09:35:26,883 - agv_simulator - INFO - ================================================================================
2025-07-02 09:35:26,884 - tcp.manufacturer_a - INFO - [INFO] 构建二进制TCP包 - 类型: 3066, 序列: 2, 数据长度: 115
2025-07-02 09:35:26,884 - agv_simulator - INFO - ================================================================================
2025-07-02 09:35:26,885 - agv_simulator - INFO - 【收到二进制TCP数据包】
2025-07-02 09:35:26,885 - agv_simulator - INFO - ================================================================================
2025-07-02 09:35:26,888 - agv_simulator - INFO -    0000: 5A 01 00 02 00 00 00 73 0B FA 00 00 00 00 00 00
2025-07-02 09:35:26,888 - agv_simulator - INFO -    0010: 7B 22 6D 6F 76 65 5F 74 61 73 6B 5F 6C 69 73 74
2025-07-02 09:35:26,889 - agv_simulator - INFO -    0020: 22 3A 5B 7B 22 69 64 22 3A 22 53 45 4C 46 5F 50
2025-07-02 09:35:26,889 - agv_simulator - INFO -    0030: 4F 53 49 54 49 4F 4E 22 2C 22 73 6F 75 72 63 65
2025-07-02 09:35:26,889 - agv_simulator - INFO -    0040: 5F 69 64 22 3A 22 53 45 4C 46 5F 50 4F 53 49 54
2025-07-02 09:35:26,889 - agv_simulator - INFO -    0050: 49 4F 4E 22 2C 22 74 61 73 6B 5F 69 64 22 3A 22
2025-07-02 09:35:26,889 - agv_simulator - INFO -    0060: 54 45 53 54 5F 30 30 31 22 2C 22 6F 70 65 72 61
2025-07-02 09:35:26,889 - agv_simulator - INFO -    0070: 74 69 6F 6E 22 3A 22 4A 61 63 6B 4C 6F 61 64 22
2025-07-02 09:35:26,890 - agv_simulator - INFO -    0080: 7D 5D 7D
2025-07-02 09:35:26,890 - agv_simulator - INFO - --------------------------------------------------------------------------------
2025-07-02 09:35:26,893 - agv_simulator - INFO -    - 字节 0      : 0x5A (同步头)
2025-07-02 09:35:26,893 - agv_simulator - INFO -    - 字节 1      : 0x01 (版本)
2025-07-02 09:35:26,894 - agv_simulator - INFO -    - 字节 2-3    : 0x0002 (2) (序列号)
2025-07-02 09:35:26,894 - agv_simulator - INFO -    - 字节 4-7    : 0x00000073 (115) (数据长度)
2025-07-02 09:35:26,894 - agv_simulator - INFO -    - 字节 8-9    : 0x0BFA (3066) (消息类型)
2025-07-02 09:35:26,894 - agv_simulator - INFO -    - 字节 10-15  : 000000000000 (保留字段)
2025-07-02 09:35:26,894 - agv_simulator - INFO -    - 消息类型说明: 托盘抬升/下降 (pick/drop)
2025-07-02 09:35:26,895 - agv_simulator - INFO -    - 十六进制: 7B226D6F76655F7461736B5F6C697374223A5B7B226964223A2253454C465F504F534954494F4E222C22736F757263655F6964223A2253454C465F504F534954494F4E222C227461736B5F6964223A22544553545F303031222C226F7065726174696F6E223A224A61636B4C6F6164227D5D7D
2025-07-02 09:35:26,895 - agv_simulator - INFO -    - 解码文本: {"move_task_list":[{"id":"SELF_POSITION","source_id":"SELF_POSITION","task_id":"TEST_001","operation":"JackLoad"}]}
2025-07-02 09:35:26,896 - agv_simulator - INFO -    - JSON格式: {
      "move_task_list": [
            {
                  "id": "SELF_POSITION",
                  "source_id": "SELF_POSITION",
                  "task_id": "TEST_001",
                  "operation": "JackLoad"
            }
      ]
}
2025-07-02 09:35:26,896 - agv_simulator - INFO - ================================================================================
2025-07-02 09:35:26,896 - agv_simulator - INFO - 【二进制TCP数据包解析完成】
2025-07-02 09:35:26,896 - agv_simulator - INFO - ================================================================================
